[INFO] Scanning for projects...
[INFO] 
[INFO] -----------------------< com.malcolm:ecom-proj >------------------------
[INFO] Building ecom-proj 0.0.1-SNAPSHOT
[INFO]   from pom.xml
[INFO] --------------------------------[ jar ]---------------------------------
[INFO] 
[INFO] --- clean:3.3.2:clean (default-clean) @ ecom-proj ---
[INFO] Deleting D:\Malcolm\DSCE\Internship\SENSEI\ecom-proj\target
[INFO] 
[INFO] --- resources:3.3.1:resources (default-resources) @ ecom-proj ---
[INFO] Copying 1 resource from src\main\resources to target\classes
[INFO] Copying 1 resource from src\main\resources to target\classes
[INFO] 
[INFO] --- compiler:3.13.0:compile (default-compile) @ ecom-proj ---
[INFO] Recompiling the module because of changed source code.
[INFO] Compiling 5 source files with javac [debug parameters release 17] to target\classes
[INFO] 
[INFO] --- resources:3.3.1:testResources (default-testResources) @ ecom-proj ---
[INFO] skip non existing resourceDirectory D:\Malcolm\DSCE\Internship\SENSEI\ecom-proj\src\test\resources
[INFO] 
[INFO] --- compiler:3.13.0:testCompile (default-testCompile) @ ecom-proj ---
[INFO] Recompiling the module because of changed dependency.
[INFO] Compiling 1 source file with javac [debug parameters release 17] to target\test-classes
[INFO] 
[INFO] --- surefire:3.2.5:test (default-test) @ ecom-proj ---
[INFO] Tests are skipped.
[INFO] 
[INFO] --- jar:3.4.2:jar (default-jar) @ ecom-proj ---
[INFO] Building jar: D:\Malcolm\DSCE\Internship\SENSEI\ecom-proj\target\ecom-proj-0.0.1-SNAPSHOT.jar
[INFO] 
[INFO] --- spring-boot:3.3.2:repackage (repackage) @ ecom-proj ---
[INFO] Replacing main artifact D:\Malcolm\DSCE\Internship\SENSEI\ecom-proj\target\ecom-proj-0.0.1-SNAPSHOT.jar with repackaged archive, adding nested dependencies in BOOT-INF/.
[INFO] The original artifact has been renamed to D:\Malcolm\DSCE\Internship\SENSEI\ecom-proj\target\ecom-proj-0.0.1-SNAPSHOT.jar.original
[INFO] ------------------------------------------------------------------------
[INFO] BUILD SUCCESS
[INFO] ------------------------------------------------------------------------
[INFO] Total time:  8.509 s
[INFO] Finished at: 2026-01-21T13:01:41+05:30
[INFO] ------------------------------------------------------------------------
